<?xml version="1.0" encoding="UTF-8" ?>
<testsuite errors="0" failures="0" hostname="DESKTOP-CK8NHLD" name="edu.usc.cssl.tacit.classify.naivebayes.Naive_Bayes_Test" skipped="0" tests="2" time="1.156" timestamp="2016-05-12T01:51:32">
  <properties>
    <property name="java.vendor" value="Oracle Corporation" />
    <property name="env.USERDOMAIN_ROAMINGPROFILE" value="DESKTOP-CK8NHLD" />
    <property name="sun.java.launcher" value="SUN_STANDARD" />
    <property name="ant.file.type.edu.usc.cssl.tacit.classify.naivebayes.test" value="file" />
    <property name="eclipse.pdebuild.templates" value="/C:/eclipse/plugins/org.eclipse.pde.build_3.9.100.v20150521-1524/templates/" />
    <property name="sun.management.compiler" value="HotSpot Client Compiler" />
    <property name="env.PROMPT" value="$P$G" />
    <property name="os.name" value="Windows 8.1" />
    <property name="sun.boot.class.path" value="C:\Program Files (x86)\Java\jre7\lib\resources.jar;C:\Program Files (x86)\Java\jre7\lib\rt.jar;C:\Program Files (x86)\Java\jre7\lib\sunrsasign.jar;C:\Program Files (x86)\Java\jre7\lib\jsse.jar;C:\Program Files (x86)\Java\jre7\lib\jce.jar;C:\Program Files (x86)\Java\jre7\lib\charsets.jar;C:\Program Files (x86)\Java\jre7\lib\jfr.jar;C:\Program Files (x86)\Java\jre7\classes" />
    <property name="env.COMPUTERNAME" value="DESKTOP-CK8NHLD" />
    <property name="env.CommonProgramW6432" value="C:\Program Files\Common Files" />
    <property name="env.ALLUSERSPROFILE" value="C:\ProgramData" />
    <property name="sun.desktop" value="windows" />
    <property name="java.vm.specification.vendor" value="Oracle Corporation" />
    <property name="ant.home" value="C:\eclipse\plugins\org.apache.ant_1.9.4.v201504302020" />
    <property name="java.runtime.version" value="1.7.0_79-b15" />
    <property name="edu.usc.cssl.tacit.common.location" value="../edu.usc.cssl.tacit.common" />
    <property name="env.HOMEPATH" value="\Users\Sharan" />
    <property name="user.name" value="Sharan" />
    <property name="user.language" value="en" />
    <property name="sun.boot.library.path" value="C:\Program Files (x86)\Java\jre7\bin" />
    <property name="ant.project.default-target" value="build" />
    <property name="ant.project.name" value="edu.usc.cssl.tacit.classify.naivebayes.test" />
    <property name="java.version" value="1.7.0_79" />
    <property name="env.PROCESSOR_IDENTIFIER" value="Intel64 Family 6 Model 94 Stepping 3, GenuineIntel" />
    <property name="user.timezone" value="" />
    <property name="env.TEMP" value="C:\Users\Sharan\AppData\Local\Temp" />
    <property name="sun.arch.data.model" value="32" />
    <property name="java.endorsed.dirs" value="C:\Program Files (x86)\Java\jre7\lib\endorsed" />
    <property name="env.PROCESSOR_ARCHITEW6432" value="AMD64" />
    <property name="sun.cpu.isalist" value="pentium_pro+mmx pentium_pro pentium+mmx pentium i486 i386 i86" />
    <property name="env.HOMEDRIVE" value="C:" />
    <property name="sun.jnu.encoding" value="Cp1252" />
    <property name="file.encoding.pkg" value="sun.io" />
    <property name="ECLIPSE_HOME" value="../../../../eclipse/" />
    <property name="file.separator" value="\" />
    <property name="java.specification.name" value="Java Platform API Specification" />
    <property name="java.class.version" value="51.0" />
    <property name="user.country" value="US" />
    <property name="java.home" value="C:\Program Files (x86)\Java\jre7" />
    <property name="env.PSModulePath" value="C:\WINDOWS\system32\WindowsPowerShell\v1.0\Modules\" />
    <property name="env.APPDATA" value="C:\Users\Sharan\AppData\Roaming" />
    <property name="env.PUBLIC" value="C:\Users\Public" />
    <property name="java.vm.info" value="mixed mode, sharing" />
    <property name="env.ComSpec" value="C:\WINDOWS\system32\cmd.exe" />
    <property name="env.OS" value="Windows_NT" />
    <property name="env.CommonProgramFiles" value="C:\Program Files (x86)\Common Files" />
    <property name="ant.file" value="C:\Anish&apos;s Work\EclipseWorkspace\TACIT\edu.usc.cssl.tacit.classify.naivebayes.test\build.xml" />
    <property name="os.version" value="6.3" />
    <property name="env.ProgramW6432" value="C:\Program Files" />
    <property name="path.separator" value=";" />
    <property name="java.vm.version" value="24.79-b02" />
    <property name="user.variant" value="" />
    <property name="env.USERPROFILE" value="C:\Users\Sharan" />
    <property name="ant.library.dir" value="C:\eclipse\plugins\org.apache.ant_1.9.4.v201504302020\lib" />
    <property name="junit.output.dir" value="junit" />
    <property name="ant.file.edu.usc.cssl.tacit.classify.naivebayes.test" value="C:\Anish&apos;s Work\EclipseWorkspace\TACIT\edu.usc.cssl.tacit.classify.naivebayes.test\build.xml" />
    <property name="env.JAVA_HOME" value="C:\Program Files\Java\jdk1.8.0_65;C:\Program Files (x86)\Java\jdk1.7.0_79" />
    <property name="java.awt.printerjob" value="sun.awt.windows.WPrinterJob" />
    <property name="env.TMP" value="C:\Users\Sharan\AppData\Local\Temp" />
    <property name="env.FPS_BROWSER_USER_PROFILE_STRING" value="Default" />
    <property name="sun.io.unicode.encoding" value="UnicodeLittle" />
    <property name="awt.toolkit" value="sun.awt.windows.WToolkit" />
    <property name="user.script" value="" />
    <property name="eclipse.pdebuild.scripts" value="/C:/eclipse/plugins/org.eclipse.pde.build_3.9.100.v20150521-1524/scripts/" />
    <property name="user.home" value="C:\Users\Sharan" />
    <property name="target" value="1.7" />
    <property name="env.ProgramData" value="C:\ProgramData" />
    <property name="env.SESSIONNAME" value="Console" />
    <property name="env.ProgramFiles(x86)" value="C:\Program Files (x86)" />
    <property name="java.specification.vendor" value="Oracle Corporation" />
    <property name="java.library.path" value="C:\Program Files (x86)\Java\jre7\bin;C:\WINDOWS\Sun\Java\bin;C:\WINDOWS\system32;C:\WINDOWS;C:/Program Files (x86)/Java/jre1.8.0_77/bin/client;C:/Program Files (x86)/Java/jre1.8.0_77/bin;C:/Program Files (x86)/Java/jre1.8.0_77/lib/i386;C:\ProgramData\Oracle\Java\javapath;C:\Program Files (x86)\Intel\iCLS Client\;C:\Program Files\Intel\iCLS Client\;C:\Windows\system32;C:\Windows;C:\Windows\System32\Wbem;C:\Windows\System32\WindowsPowerShell\v1.0\;C:\Program Files (x86)\Intel\Intel(R) Management Engine Components\DAL;C:\Program Files\Intel\Intel(R) Management Engine Components\DAL;C:\Program Files (x86)\Intel\Intel(R) Management Engine Components\IPT;C:\Program Files\Intel\Intel(R) Management Engine Components\IPT;C:\Program Files (x86)\NVIDIA Corporation\PhysX\Common;C:\Program Files\TortoiseSVN\bin;C:\Users\Sharan\Desktop\maven\apache-maven-3.3.9\bin;C:\WINDOWS\system32;C:\WINDOWS;C:\WINDOWS\System32\Wbem;C:\WINDOWS\System32\WindowsPowerShell\v1.0\;C:\Python27\;C:\Python27;C:\eclipse;;." />
    <property name="env.NUMBER_OF_PROCESSORS" value="8" />
    <property name="java.vendor.url" value="http://java.oracle.com/" />
    <property name="java.vm.vendor" value="Oracle Corporation" />
    <property name="java.runtime.name" value="Java(TM) SE Runtime Environment" />
    <property name="ant.version" value="Apache Ant(TM) version 1.9.4 compiled on April 29 2014" />
    <property name="sun.java.command" value="org.apache.tools.ant.taskdefs.optional.junit.JUnitTestRunner edu.usc.cssl.tacit.classify.naivebayes.Naive_Bayes_Test skipNonTests=false filtertrace=true haltOnError=false haltOnFailure=false formatter=org.apache.tools.ant.taskdefs.optional.junit.OutErrSummaryJUnitResultFormatter showoutput=false outputtoformatters=true logfailedtests=true threadid=0 logtestlistenerevents=false formatter=org.apache.tools.ant.taskdefs.optional.junit.XMLJUnitResultFormatter,C:\Anish&apos;s Work\EclipseWorkspace\TACIT\edu.usc.cssl.tacit.classify.naivebayes.test\junit\TEST-edu.usc.cssl.tacit.classify.naivebayes.Naive_Bayes_Test.xml crashfile=C:\Anish&apos;s Work\EclipseWorkspace\TACIT\edu.usc.cssl.tacit.classify.naivebayes.test\junitvmwatcher1856726341079777385.properties propsfile=C:\Anish&apos;s Work\EclipseWorkspace\TACIT\edu.usc.cssl.tacit.classify.naivebayes.test\junit6871821820808788429.properties" />
    <property name="java.class.path" value="C:\Anish&apos;s Work\EclipseWorkspace\TACIT\edu.usc.cssl.tacit.classify.naivebayes.test\junit.jar;C:\eclipse\plugins\org.eclipse.ui_3.107.0.v20150507-1945.jar;C:\eclipse\plugins\org.eclipse.swt_3.104.0.v20150528-0211.jar;C:\eclipse\plugins\org.eclipse.swt.win32.win32.x86_3.104.0.v20150528-0211.jar;C:\eclipse\plugins\org.eclipse.jface_3.11.0.v20150602-1400.jar;C:\eclipse\plugins\org.eclipse.core.commands_3.7.0.v20150422-0725.jar;C:\eclipse\plugins\org.eclipse.ui.workbench_3.107.0.v20150510-1732.jar;C:\eclipse\plugins\org.eclipse.e4.ui.workbench3_0.13.0.v20150422-0725.jar;C:\eclipse\plugins\org.eclipse.core.runtime_3.11.0.v20150405-1723.jar;C:\eclipse\plugins\javax.annotation_1.2.0.v201401042248.jar;C:\eclipse\plugins\javax.inject_1.0.0.v20091030.jar;C:\eclipse\plugins\org.eclipse.osgi_3.10.100.v20150529-1857.jar;C:\eclipse\plugins\org.eclipse.osgi.compatibility.state_1.0.100.v20150402-1551.jar;C:\eclipse\plugins\org.eclipse.equinox.common_3.7.0.v20150402-1709.jar;C:\eclipse\plugins\org.eclipse.core.jobs_3.7.0.v20150330-2103.jar;C:\eclipse\plugins\org.eclipse.core.runtime.compatibility.registry_3.6.0.v20150318-1505\runtime_registry_compatibility.jar;C:\eclipse\plugins\org.eclipse.equinox.registry_3.6.0.v20150318-1503.jar;C:\eclipse\plugins\org.eclipse.equinox.preferences_3.5.300.v20150408-1437.jar;C:\eclipse\plugins\org.eclipse.core.contenttype_3.5.0.v20150421-2214.jar;C:\eclipse\plugins\org.eclipse.equinox.app_1.3.300.v20150423-1356.jar;C:\Anish&apos;s Work\EclipseWorkspace\TACIT\edu.usc.cssl.tacit.classify.naivebayes.test\bin;C:\Anish&apos;s Work\EclipseWorkspace\TACIT\edu.usc.cssl.tacit.classify.naivebayes\weka-3.7.0.jar;C:\Anish&apos;s Work\EclipseWorkspace\TACIT\edu.usc.cssl.tacit.classify.naivebayes\commons-io-2.4.jar;C:\Anish&apos;s Work\EclipseWorkspace\TACIT\edu.usc.cssl.tacit.classify.naivebayes\commons-math3-3.3.jar;C:\Anish&apos;s Work\EclipseWorkspace\TACIT\edu.usc.cssl.tacit.classify.naivebayes\mallet-deps.jar;C:\Anish&apos;s Work\EclipseWorkspace\TACIT\edu.usc.cssl.tacit.classify.naivebayes\mallet.jar;C:\Anish&apos;s Work\EclipseWorkspace\TACIT\edu.usc.cssl.tacit.classify.naivebayes\bin;C:\Anish&apos;s Work\EclipseWorkspace\TACIT\edu.usc.cssl.tacit.common\pdfbox-app-2.0.0-RC3.jar;C:\Anish&apos;s Work\EclipseWorkspace\TACIT\edu.usc.cssl.tacit.common\org.annolab.tt4j-1.2.1.jar;C:\Anish&apos;s Work\EclipseWorkspace\TACIT\edu.usc.cssl.tacit.common\jackson-core-2.5.0.jar;C:\Anish&apos;s Work\EclipseWorkspace\TACIT\edu.usc.cssl.tacit.common\json-path-2.0.0.jar;C:\Anish&apos;s Work\EclipseWorkspace\TACIT\edu.usc.cssl.tacit.common\json-path-assert-2.0.0.jar;C:\Anish&apos;s Work\EclipseWorkspace\TACIT\edu.usc.cssl.tacit.common\json-smart-2.1.1.jar;C:\Anish&apos;s Work\EclipseWorkspace\TACIT\edu.usc.cssl.tacit.common\json-simple-1.1.1.jar;C:\Anish&apos;s Work\EclipseWorkspace\TACIT\edu.usc.cssl.tacit.common\langdetect.jar;C:\Anish&apos;s Work\EclipseWorkspace\TACIT\edu.usc.cssl.tacit.common\bin;C:\Anish&apos;s Work\EclipseWorkspace\TACIT\edu.usc.cssl.tacit.common\slf4j-api-1.7.5.jar;C:\Anish&apos;s Work\EclipseWorkspace\TACIT\edu.usc.cssl.tacit.common\slf4j-simple-1.7.5.jar;C:\Anish&apos;s Work\EclipseWorkspace\TACIT\edu.usc.cssl.tacit.common\asm-1.0.2.jar;C:\Anish&apos;s Work\EclipseWorkspace\TACIT\edu.usc.cssl.tacit.common.ui\asm-1.0.2.jar;C:\Anish&apos;s Work\EclipseWorkspace\TACIT\edu.usc.cssl.tacit.common.ui\json-simple-1.1.1.jar;C:\Anish&apos;s Work\EclipseWorkspace\TACIT\edu.usc.cssl.tacit.common.ui\gson-2.3.1.jar;C:\Anish&apos;s Work\EclipseWorkspace\TACIT\edu.usc.cssl.tacit.common.ui\jackson-core-2.5.0.jar;C:\Anish&apos;s Work\EclipseWorkspace\TACIT\edu.usc.cssl.tacit.common.ui\json-path-2.0.0.jar;C:\Anish&apos;s Work\EclipseWorkspace\TACIT\edu.usc.cssl.tacit.common.ui\json-path-assert-2.0.0.jar;C:\Anish&apos;s Work\EclipseWorkspace\TACIT\edu.usc.cssl.tacit.common.ui\json-smart-2.1.1.jar;C:\Anish&apos;s Work\EclipseWorkspace\TACIT\edu.usc.cssl.tacit.common.ui\commons-io-2.4.jar;C:\Anish&apos;s Work\EclipseWorkspace\TACIT\edu.usc.cssl.tacit.common.ui\bin;C:\Anish&apos;s Work\EclipseWorkspace\TACIT\edu.usc.cssl.tacit.common.ui\slf4j-api-1.7.5.jar;C:\Anish&apos;s Work\EclipseWorkspace\TACIT\edu.usc.cssl.tacit.common.ui\slf4j-simple-1.7.5.jar;C:\eclipse\plugins\org.apache.ant_1.9.4.v201504302020\lib\ant-launcher.jar;C:\eclipse\plugins\org.apache.ant_1.9.4.v201504302020\lib\ant.jar;C:\eclipse\plugins\org.apache.ant_1.9.4.v201504302020\lib\ant-junit.jar;C:\eclipse\plugins\org.apache.ant_1.9.4.v201504302020\lib\ant-junit4.jar" />
    <property name="java.vm.specification.name" value="Java Virtual Machine Specification" />
    <property name="env.LOGONSERVER" value="\\MicrosoftAccount" />
    <property name="env.windir" value="C:\WINDOWS" />
    <property name="java.vm.specification.version" value="1.7" />
    <property name="env.PROCESSOR_ARCHITECTURE" value="x86" />
    <property name="sun.os.patch.level" value="" />
    <property name="sun.cpu.endian" value="little" />
    <property name="debuglevel" value="source,lines,vars" />
    <property name="env.ProgramFiles" value="C:\Program Files (x86)" />
    <property name="env.ANT_HOME" value="C:\eclipse\plugins\org.apache.ant_1.9.4.v201504302020" />
    <property name="env.PROCESSOR_REVISION" value="5e03" />
    <property name="eclipse.pdebuild.home" value="/C:/eclipse/plugins/org.eclipse.pde.build_3.9.100.v20150521-1524/./" />
    <property name="java.io.tmpdir" value="C:\Users\Sharan\AppData\Local\Temp\" />
    <property name="env.CommonProgramFiles(x86)" value="C:\Program Files (x86)\Common Files" />
    <property name="java.vendor.url.bug" value="http://bugreport.sun.com/bugreport/" />
    <property name="edu.usc.cssl.tacit.classify.naivebayes.location" value="../edu.usc.cssl.tacit.classify.naivebayes" />
    <property name="env.SystemRoot" value="C:\WINDOWS" />
    <property name="env.FPS_BROWSER_APP_PROFILE_STRING" value="Internet Explorer" />
    <property name="java.awt.graphicsenv" value="sun.awt.Win32GraphicsEnvironment" />
    <property name="os.arch" value="x86" />
    <property name="java.ext.dirs" value="C:\Program Files (x86)\Java\jre7\lib\ext;C:\WINDOWS\Sun\Java\lib\ext" />
    <property name="env.LOCALAPPDATA" value="C:\Users\Sharan\AppData\Local" />
    <property name="user.dir" value="C:\Anish&apos;s Work\EclipseWorkspace\TACIT\edu.usc.cssl.tacit.classify.naivebayes.test" />
    <property name="line.separator" value="&#xd;&#xa;" />
    <property name="java.vm.name" value="Java HotSpot(TM) Client VM" />
    <property name="env.PATHEXT" value=".COM;.EXE;.BAT;.CMD;.VBS;.VBE;.JS;.JSE;.WSF;.WSH;.MSC" />
    <property name="env.Path" value="C:/Program Files (x86)/Java/jre1.8.0_77/bin/client;C:/Program Files (x86)/Java/jre1.8.0_77/bin;C:/Program Files (x86)/Java/jre1.8.0_77/lib/i386;C:\ProgramData\Oracle\Java\javapath;C:\Program Files (x86)\Intel\iCLS Client\;C:\Program Files\Intel\iCLS Client\;C:\Windows\system32;C:\Windows;C:\Windows\System32\Wbem;C:\Windows\System32\WindowsPowerShell\v1.0\;C:\Program Files (x86)\Intel\Intel(R) Management Engine Components\DAL;C:\Program Files\Intel\Intel(R) Management Engine Components\DAL;C:\Program Files (x86)\Intel\Intel(R) Management Engine Components\IPT;C:\Program Files\Intel\Intel(R) Management Engine Components\IPT;C:\Program Files (x86)\NVIDIA Corporation\PhysX\Common;C:\Program Files\TortoiseSVN\bin;C:\Users\Sharan\Desktop\maven\apache-maven-3.3.9\bin;C:\WINDOWS\system32;C:\WINDOWS;C:\WINDOWS\System32\Wbem;C:\WINDOWS\System32\WindowsPowerShell\v1.0\;C:\Python27\;C:\Python27;C:\eclipse;" />
    <property name="basedir" value="C:\Anish&apos;s Work\EclipseWorkspace\TACIT\edu.usc.cssl.tacit.classify.naivebayes.test" />
    <property name="ant.java.version" value="1.7" />
    <property name="ant.core.lib" value="C:\eclipse\plugins\org.apache.ant_1.9.4.v201504302020\lib\ant.jar" />
    <property name="env.USERNAME" value="Sharan" />
    <property name="source" value="1.7" />
    <property name="env.SystemDrive" value="C:" />
    <property name="edu.usc.cssl.tacit.common.ui.location" value="../edu.usc.cssl.tacit.common.ui" />
    <property name="file.encoding" value="Cp1252" />
    <property name="env.USERDOMAIN" value="DESKTOP-CK8NHLD" />
    <property name="java.specification.version" value="1.7" />
    <property name="ant.project.invoked-targets" value="build,Naive_Bayes_Test,junitreport" />
    <property name="env.PROCESSOR_LEVEL" value="6" />
  </properties>
  <testcase classname="edu.usc.cssl.tacit.classify.naivebayes.Naive_Bayes_Test" name="naiveBayesCrossValidateTest" time="1.059" />
  <testcase classname="edu.usc.cssl.tacit.classify.naivebayes.Naive_Bayes_Test" name="naiveBayesDoClassifyTest" time="0.06" />
  <system-out><![CDATA[----a
----b
Training dir :C:\Anish's Work\EclipseWorkspace\TACIT\edu.usc.cssl.tacit.classify.naivebayes.test\TestData\Data2
Training dir :C:\Anish's Work\EclipseWorkspace\TACIT\edu.usc.cssl.tacit.classify.naivebayes.test\TestData\Data1
----c
----d
----e
----f
----g
----h
null
----a
----b
Training dir :C:\Anish's Work\EclipseWorkspace\TACIT\edu.usc.cssl.tacit.classify.naivebayes.test\TestData\Data2
Training dir :C:\Anish's Work\EclipseWorkspace\TACIT\edu.usc.cssl.tacit.classify.naivebayes.test\TestData\Data1
----c
----d
----e
----f
----g
----h
C:\Anish's Work\EclipseWorkspace\TACIT\edu.usc.cssl.tacit.classify.naivebayes.test\TestData\ClassificationInputData\File2.txt
C:\Anish's Work\EclipseWorkspace\TACIT\edu.usc.cssl.tacit.classify.naivebayes.test\TestData\ClassificationInputData\File4.txt
]]></system-out>
  <system-err><![CDATA[]]></system-err>
</testsuite>
